2023-03-30 16:19:24,152 NanoPlot 1.41.0 started with arguments Namespace(N50=False, alength=False, bam=None, barcoded=False, color='#4CB391', colormap='Greens', cram=None, downsample=None, dpi=100, drop_outliers=False, fasta=None, fastq=['mock9.fastq'], fastq_minimal=None, fastq_rich=None, feather=None, font_scale=1, format=['png'], hide_stats=False, huge=False, info_in_report=False, legacy=None, listcolormaps=False, listcolors=False, loglength=False, maxlength=None, minlength=None, minqual=None, no_N50=False, no_static=False, no_supplementary=False, outdir='.', path='./mock9_Raw_', percentqual=False, pickle=None, plots=['kde', 'dot'], prefix='mock9_Raw_', raw=False, readtype='1D', runtime_until=None, store=False, summary=None, threads=1, title=None, tsv_stats=False, ubam=None, verbose=False)
2023-03-30 16:19:24,152 Python version is: 3.7.12 | packaged by conda-forge | (default, Oct 26 2021, 06:08:21)  [GCC 9.4.0]
2023-03-30 16:19:24,167 Nanoget: Starting to collect statistics from plain fastq file.
2023-03-30 16:19:29,606 Reduced DataFrame memory usage from 0.91552734375Mb to 0.5340576171875Mb
2023-03-30 16:19:29,616 Nanoget: Gathered all metrics of 40000 reads
2023-03-30 16:19:29,658 Calculated statistics
2023-03-30 16:19:29,659 Using sequenced read lengths for plotting.
2023-03-30 16:19:29,663 NanoPlot:  Valid color #4CB391.
2023-03-30 16:19:29,663 NanoPlot:  Valid colormap Greens.
2023-03-30 16:19:29,666 NanoPlot:  Creating length plots for Read length.
2023-03-30 16:19:29,666 NanoPlot:  Using 40000 reads maximum of 1569bp.
2023-03-30 16:19:31,683 Saved ./mock9_Raw_WeightedHistogramReadlength  as png (or png for --legacy)
2023-03-30 16:19:32,330 Saved ./mock9_Raw_WeightedLogTransformed_HistogramReadlength  as png (or png for --legacy)
2023-03-30 16:19:33,007 Saved ./mock9_Raw_Non_weightedHistogramReadlength  as png (or png for --legacy)
2023-03-30 16:19:33,646 Saved ./mock9_Raw_Non_weightedLogTransformed_HistogramReadlength  as png (or png for --legacy)
2023-03-30 16:19:35,752 Saved ./mock9_Raw_Yield_By_Length  as png (or png for --legacy)
2023-03-30 16:19:36,100 Created length plots
2023-03-30 16:19:36,109 NanoPlot: Creating Read lengths vs Average read quality plots using 40000 reads.
2023-03-30 16:19:38,184 Saved ./mock9_Raw_LengthvsQualityScatterPlot_dot  as png (or png for --legacy)
2023-03-30 16:19:40,500 Saved ./mock9_Raw_LengthvsQualityScatterPlot_kde  as png (or png for --legacy)
2023-03-30 16:19:40,501 Created LengthvsQual plot
2023-03-30 16:19:40,501 Writing html report.
2023-03-30 16:19:40,520 Finished!
