2023-03-30 15:02:32,225 NanoPlot 1.41.0 started with arguments Namespace(N50=False, alength=False, bam=None, barcoded=False, color='#4CB391', colormap='Greens', cram=None, downsample=None, dpi=100, drop_outliers=False, fasta=None, fastq=['Filt_Scrubb_mock3.fastq'], fastq_minimal=None, fastq_rich=None, feather=None, font_scale=1, format=['png'], hide_stats=False, huge=False, info_in_report=False, legacy=None, listcolormaps=False, listcolors=False, loglength=False, maxlength=None, minlength=None, minqual=None, no_N50=False, no_static=False, no_supplementary=False, outdir='.', path='./mock3_Filtered_Scrubbed_', percentqual=False, pickle=None, plots=['kde', 'dot'], prefix='mock3_Filtered_Scrubbed_', raw=False, readtype='1D', runtime_until=None, store=False, summary=None, threads=1, title=None, tsv_stats=False, ubam=None, verbose=False)
2023-03-30 15:02:32,225 Python version is: 3.7.12 | packaged by conda-forge | (default, Oct 26 2021, 06:08:21)  [GCC 9.4.0]
2023-03-30 15:02:32,244 Nanoget: Starting to collect statistics from plain fastq file.
2023-03-30 15:02:37,192 Reduced DataFrame memory usage from 0.91552734375Mb to 0.5340576171875Mb
2023-03-30 15:02:37,204 Nanoget: Gathered all metrics of 40000 reads
2023-03-30 15:02:37,231 Calculated statistics
2023-03-30 15:02:37,232 Using sequenced read lengths for plotting.
2023-03-30 15:02:37,237 NanoPlot:  Valid color #4CB391.
2023-03-30 15:02:37,238 NanoPlot:  Valid colormap Greens.
2023-03-30 15:02:37,241 NanoPlot:  Creating length plots for Read length.
2023-03-30 15:02:37,242 NanoPlot:  Using 40000 reads maximum of 1574bp.
2023-03-30 15:02:38,945 Saved ./mock3_Filtered_Scrubbed_WeightedHistogramReadlength  as png (or png for --legacy)
2023-03-30 15:02:39,591 Saved ./mock3_Filtered_Scrubbed_WeightedLogTransformed_HistogramReadlength  as png (or png for --legacy)
2023-03-30 15:02:40,209 Saved ./mock3_Filtered_Scrubbed_Non_weightedHistogramReadlength  as png (or png for --legacy)
2023-03-30 15:02:40,824 Saved ./mock3_Filtered_Scrubbed_Non_weightedLogTransformed_HistogramReadlength  as png (or png for --legacy)
2023-03-30 15:02:42,116 Saved ./mock3_Filtered_Scrubbed_Yield_By_Length  as png (or png for --legacy)
2023-03-30 15:02:42,118 Created length plots
2023-03-30 15:02:42,122 NanoPlot: Creating Read lengths vs Average read quality plots using 40000 reads.
2023-03-30 15:02:43,389 Saved ./mock3_Filtered_Scrubbed_LengthvsQualityScatterPlot_dot  as png (or png for --legacy)
2023-03-30 15:02:45,311 Saved ./mock3_Filtered_Scrubbed_LengthvsQualityScatterPlot_kde  as png (or png for --legacy)
2023-03-30 15:02:45,312 Created LengthvsQual plot
2023-03-30 15:02:45,312 Writing html report.
2023-03-30 15:02:45,334 Finished!
