2023-03-30 15:02:16,760 NanoPlot 1.41.0 started with arguments Namespace(N50=False, alength=False, bam=None, barcoded=False, color='#4CB391', colormap='Greens', cram=None, downsample=None, dpi=100, drop_outliers=False, fasta=None, fastq=['mock8.fastq'], fastq_minimal=None, fastq_rich=None, feather=None, font_scale=1, format=['png'], hide_stats=False, huge=False, info_in_report=False, legacy=None, listcolormaps=False, listcolors=False, loglength=False, maxlength=None, minlength=None, minqual=None, no_N50=False, no_static=False, no_supplementary=False, outdir='.', path='./mock8_Raw_', percentqual=False, pickle=None, plots=['kde', 'dot'], prefix='mock8_Raw_', raw=False, readtype='1D', runtime_until=None, store=False, summary=None, threads=1, title=None, tsv_stats=False, ubam=None, verbose=False)
2023-03-30 15:02:16,761 Python version is: 3.7.12 | packaged by conda-forge | (default, Oct 26 2021, 06:08:21)  [GCC 9.4.0]
2023-03-30 15:02:16,776 Nanoget: Starting to collect statistics from plain fastq file.
2023-03-30 15:02:22,202 Reduced DataFrame memory usage from 0.91552734375Mb to 0.5340576171875Mb
2023-03-30 15:02:22,215 Nanoget: Gathered all metrics of 40000 reads
2023-03-30 15:02:22,276 Calculated statistics
2023-03-30 15:02:22,277 Using sequenced read lengths for plotting.
2023-03-30 15:02:22,281 NanoPlot:  Valid color #4CB391.
2023-03-30 15:02:22,281 NanoPlot:  Valid colormap Greens.
2023-03-30 15:02:22,285 NanoPlot:  Creating length plots for Read length.
2023-03-30 15:02:22,285 NanoPlot:  Using 40000 reads maximum of 1574bp.
2023-03-30 15:02:24,286 Saved ./mock8_Raw_WeightedHistogramReadlength  as png (or png for --legacy)
2023-03-30 15:02:24,938 Saved ./mock8_Raw_WeightedLogTransformed_HistogramReadlength  as png (or png for --legacy)
2023-03-30 15:02:25,594 Saved ./mock8_Raw_Non_weightedHistogramReadlength  as png (or png for --legacy)
2023-03-30 15:02:26,355 Saved ./mock8_Raw_Non_weightedLogTransformed_HistogramReadlength  as png (or png for --legacy)
2023-03-30 15:02:27,923 Saved ./mock8_Raw_Yield_By_Length  as png (or png for --legacy)
2023-03-30 15:02:27,924 Created length plots
2023-03-30 15:02:27,929 NanoPlot: Creating Read lengths vs Average read quality plots using 40000 reads.
2023-03-30 15:02:29,985 Saved ./mock8_Raw_LengthvsQualityScatterPlot_dot  as png (or png for --legacy)
2023-03-30 15:02:32,878 Saved ./mock8_Raw_LengthvsQualityScatterPlot_kde  as png (or png for --legacy)
2023-03-30 15:02:32,879 Created LengthvsQual plot
2023-03-30 15:02:32,879 Writing html report.
2023-03-30 15:02:32,900 Finished!
