2023-03-30 16:19:38,655 NanoPlot 1.41.0 started with arguments Namespace(N50=False, alength=False, bam=None, barcoded=False, color='#4CB391', colormap='Greens', cram=None, downsample=None, dpi=100, drop_outliers=False, fasta=None, fastq=['Filt_Scrubb_mock9.fastq'], fastq_minimal=None, fastq_rich=None, feather=None, font_scale=1, format=['png'], hide_stats=False, huge=False, info_in_report=False, legacy=None, listcolormaps=False, listcolors=False, loglength=False, maxlength=None, minlength=None, minqual=None, no_N50=False, no_static=False, no_supplementary=False, outdir='.', path='./mock9_Filtered_Scrubbed_', percentqual=False, pickle=None, plots=['kde', 'dot'], prefix='mock9_Filtered_Scrubbed_', raw=False, readtype='1D', runtime_until=None, store=False, summary=None, threads=1, title=None, tsv_stats=False, ubam=None, verbose=False)
2023-03-30 16:19:38,655 Python version is: 3.7.12 | packaged by conda-forge | (default, Oct 26 2021, 06:08:21)  [GCC 9.4.0]
2023-03-30 16:19:38,671 Nanoget: Starting to collect statistics from plain fastq file.
2023-03-30 16:19:43,929 Reduced DataFrame memory usage from 0.91552734375Mb to 0.5340576171875Mb
2023-03-30 16:19:43,941 Nanoget: Gathered all metrics of 40000 reads
2023-03-30 16:19:43,963 Calculated statistics
2023-03-30 16:19:43,963 Using sequenced read lengths for plotting.
2023-03-30 16:19:43,967 NanoPlot:  Valid color #4CB391.
2023-03-30 16:19:43,967 NanoPlot:  Valid colormap Greens.
2023-03-30 16:19:43,970 NanoPlot:  Creating length plots for Read length.
2023-03-30 16:19:43,970 NanoPlot:  Using 40000 reads maximum of 1569bp.
2023-03-30 16:19:45,711 Saved ./mock9_Filtered_Scrubbed_WeightedHistogramReadlength  as png (or png for --legacy)
2023-03-30 16:19:46,457 Saved ./mock9_Filtered_Scrubbed_WeightedLogTransformed_HistogramReadlength  as png (or png for --legacy)
2023-03-30 16:19:47,049 Saved ./mock9_Filtered_Scrubbed_Non_weightedHistogramReadlength  as png (or png for --legacy)
2023-03-30 16:19:47,627 Saved ./mock9_Filtered_Scrubbed_Non_weightedLogTransformed_HistogramReadlength  as png (or png for --legacy)
2023-03-30 16:19:48,988 Saved ./mock9_Filtered_Scrubbed_Yield_By_Length  as png (or png for --legacy)
2023-03-30 16:19:48,989 Created length plots
2023-03-30 16:19:48,992 NanoPlot: Creating Read lengths vs Average read quality plots using 40000 reads.
2023-03-30 16:19:50,300 Saved ./mock9_Filtered_Scrubbed_LengthvsQualityScatterPlot_dot  as png (or png for --legacy)
2023-03-30 16:19:52,480 Saved ./mock9_Filtered_Scrubbed_LengthvsQualityScatterPlot_kde  as png (or png for --legacy)
2023-03-30 16:19:52,482 Created LengthvsQual plot
2023-03-30 16:19:52,482 Writing html report.
2023-03-30 16:19:52,505 Finished!
