2023-03-24 09:01:45,124 NanoPlot 1.41.0 started with arguments Namespace(N50=False, alength=False, bam=None, barcoded=False, color='#4CB391', colormap='Greens', cram=None, downsample=None, dpi=100, drop_outliers=False, fasta=None, fastq=['Filt_Scrubb_all_retrived_human_sim_default.fastq'], fastq_minimal=None, fastq_rich=None, feather=None, font_scale=1, format=['png'], hide_stats=False, huge=False, info_in_report=False, legacy=None, listcolormaps=False, listcolors=False, loglength=False, maxlength=None, minlength=None, minqual=None, no_N50=False, no_static=False, no_supplementary=False, outdir='.', path='./all_retrived_human_sim_default_Filtered_Scrubbed_', percentqual=False, pickle=None, plots=['kde', 'dot'], prefix='all_retrived_human_sim_default_Filtered_Scrubbed_', raw=False, readtype='1D', runtime_until=None, store=False, summary=None, threads=1, title=None, tsv_stats=False, ubam=None, verbose=False)
2023-03-24 09:01:45,124 Python version is: 3.7.12 | packaged by conda-forge | (default, Oct 26 2021, 06:08:21)  [GCC 9.4.0]
2023-03-24 09:01:45,143 Nanoget: Starting to collect statistics from plain fastq file.
2023-03-24 09:02:08,072 Reduced DataFrame memory usage from 4.6234130859375Mb to 2.696990966796875Mb
2023-03-24 09:02:08,099 Nanoget: Gathered all metrics of 202000 reads
2023-03-24 09:02:08,191 Calculated statistics
2023-03-24 09:02:08,192 Using sequenced read lengths for plotting.
2023-03-24 09:02:08,202 NanoPlot:  Valid color #4CB391.
2023-03-24 09:02:08,203 NanoPlot:  Valid colormap Greens.
2023-03-24 09:02:08,218 NanoPlot:  Creating length plots for Read length.
2023-03-24 09:02:08,219 NanoPlot:  Using 202000 reads maximum of 1678bp.
2023-03-24 09:02:10,364 Saved ./all_retrived_human_sim_default_Filtered_Scrubbed_WeightedHistogramReadlength  as png (or png for --legacy)
2023-03-24 09:02:11,468 Saved ./all_retrived_human_sim_default_Filtered_Scrubbed_WeightedLogTransformed_HistogramReadlength  as png (or png for --legacy)
2023-03-24 09:02:12,086 Saved ./all_retrived_human_sim_default_Filtered_Scrubbed_Non_weightedHistogramReadlength  as png (or png for --legacy)
2023-03-24 09:02:13,896 Saved ./all_retrived_human_sim_default_Filtered_Scrubbed_Non_weightedLogTransformed_HistogramReadlength  as png (or png for --legacy)
2023-03-24 09:02:15,549 Saved ./all_retrived_human_sim_default_Filtered_Scrubbed_Yield_By_Length  as png (or png for --legacy)
2023-03-24 09:02:15,552 Created length plots
2023-03-24 09:02:15,574 NanoPlot: Creating Read lengths vs Average read quality plots using 202000 reads.
2023-03-24 09:02:16,938 Saved ./all_retrived_human_sim_default_Filtered_Scrubbed_LengthvsQualityScatterPlot_dot  as png (or png for --legacy)
2023-03-24 09:02:18,998 Saved ./all_retrived_human_sim_default_Filtered_Scrubbed_LengthvsQualityScatterPlot_kde  as png (or png for --legacy)
2023-03-24 09:02:19,002 Created LengthvsQual plot
2023-03-24 09:02:19,002 Writing html report.
2023-03-24 09:02:19,021 Finished!
