2023-03-30 15:02:17,660 NanoPlot 1.41.0 started with arguments Namespace(N50=False, alength=False, bam=None, barcoded=False, color='#4CB391', colormap='Greens', cram=None, downsample=None, dpi=100, drop_outliers=False, fasta=None, fastq=['mock4.fastq'], fastq_minimal=None, fastq_rich=None, feather=None, font_scale=1, format=['png'], hide_stats=False, huge=False, info_in_report=False, legacy=None, listcolormaps=False, listcolors=False, loglength=False, maxlength=None, minlength=None, minqual=None, no_N50=False, no_static=False, no_supplementary=False, outdir='.', path='./mock4_Raw_', percentqual=False, pickle=None, plots=['kde', 'dot'], prefix='mock4_Raw_', raw=False, readtype='1D', runtime_until=None, store=False, summary=None, threads=1, title=None, tsv_stats=False, ubam=None, verbose=False)
2023-03-30 15:02:17,660 Python version is: 3.7.12 | packaged by conda-forge | (default, Oct 26 2021, 06:08:21)  [GCC 9.4.0]
2023-03-30 15:02:17,675 Nanoget: Starting to collect statistics from plain fastq file.
2023-03-30 15:02:22,977 Reduced DataFrame memory usage from 0.91552734375Mb to 0.5340576171875Mb
2023-03-30 15:02:22,987 Nanoget: Gathered all metrics of 40000 reads
2023-03-30 15:02:23,090 Calculated statistics
2023-03-30 15:02:23,090 Using sequenced read lengths for plotting.
2023-03-30 15:02:23,094 NanoPlot:  Valid color #4CB391.
2023-03-30 15:02:23,094 NanoPlot:  Valid colormap Greens.
2023-03-30 15:02:23,097 NanoPlot:  Creating length plots for Read length.
2023-03-30 15:02:23,097 NanoPlot:  Using 40000 reads maximum of 1571bp.
2023-03-30 15:02:24,895 Saved ./mock4_Raw_WeightedHistogramReadlength  as png (or png for --legacy)
2023-03-30 15:02:25,494 Saved ./mock4_Raw_WeightedLogTransformed_HistogramReadlength  as png (or png for --legacy)
2023-03-30 15:02:26,153 Saved ./mock4_Raw_Non_weightedHistogramReadlength  as png (or png for --legacy)
2023-03-30 15:02:26,808 Saved ./mock4_Raw_Non_weightedLogTransformed_HistogramReadlength  as png (or png for --legacy)
2023-03-30 15:02:28,529 Saved ./mock4_Raw_Yield_By_Length  as png (or png for --legacy)
2023-03-30 15:02:28,619 Created length plots
2023-03-30 15:02:28,627 NanoPlot: Creating Read lengths vs Average read quality plots using 40000 reads.
2023-03-30 15:02:31,181 Saved ./mock4_Raw_LengthvsQualityScatterPlot_dot  as png (or png for --legacy)
2023-03-30 15:02:33,358 Saved ./mock4_Raw_LengthvsQualityScatterPlot_kde  as png (or png for --legacy)
2023-03-30 15:02:33,359 Created LengthvsQual plot
2023-03-30 15:02:33,360 Writing html report.
2023-03-30 15:02:33,383 Finished!
