2023-03-24 09:00:50,973 NanoPlot 1.41.0 started with arguments Namespace(N50=False, alength=False, bam=None, barcoded=False, color='#4CB391', colormap='Greens', cram=None, downsample=None, dpi=100, drop_outliers=False, fasta=None, fastq=['all_retrived_human_sim_default.fastq'], fastq_minimal=None, fastq_rich=None, feather=None, font_scale=1, format=['png'], hide_stats=False, huge=False, info_in_report=False, legacy=None, listcolormaps=False, listcolors=False, loglength=False, maxlength=None, minlength=None, minqual=None, no_N50=False, no_static=False, no_supplementary=False, outdir='.', path='./all_retrived_human_sim_default_Raw_', percentqual=False, pickle=None, plots=['kde', 'dot'], prefix='all_retrived_human_sim_default_Raw_', raw=False, readtype='1D', runtime_until=None, store=False, summary=None, threads=1, title=None, tsv_stats=False, ubam=None, verbose=False)
2023-03-24 09:00:50,974 Python version is: 3.7.12 | packaged by conda-forge | (default, Oct 26 2021, 06:08:21)  [GCC 9.4.0]
2023-03-24 09:00:50,990 Nanoget: Starting to collect statistics from plain fastq file.
2023-03-24 09:01:16,750 Reduced DataFrame memory usage from 4.6234130859375Mb to 2.696990966796875Mb
2023-03-24 09:01:16,775 Nanoget: Gathered all metrics of 202000 reads
2023-03-24 09:01:16,860 Calculated statistics
2023-03-24 09:01:16,860 Using sequenced read lengths for plotting.
2023-03-24 09:01:16,867 NanoPlot:  Valid color #4CB391.
2023-03-24 09:01:16,867 NanoPlot:  Valid colormap Greens.
2023-03-24 09:01:16,877 NanoPlot:  Creating length plots for Read length.
2023-03-24 09:01:16,878 NanoPlot:  Using 202000 reads maximum of 1678bp.
2023-03-24 09:01:19,009 Saved ./all_retrived_human_sim_default_Raw_WeightedHistogramReadlength  as png (or png for --legacy)
2023-03-24 09:01:19,647 Saved ./all_retrived_human_sim_default_Raw_WeightedLogTransformed_HistogramReadlength  as png (or png for --legacy)
2023-03-24 09:01:20,315 Saved ./all_retrived_human_sim_default_Raw_Non_weightedHistogramReadlength  as png (or png for --legacy)
2023-03-24 09:01:20,914 Saved ./all_retrived_human_sim_default_Raw_Non_weightedLogTransformed_HistogramReadlength  as png (or png for --legacy)
2023-03-24 09:01:22,299 Saved ./all_retrived_human_sim_default_Raw_Yield_By_Length  as png (or png for --legacy)
2023-03-24 09:01:22,301 Created length plots
2023-03-24 09:01:22,312 NanoPlot: Creating Read lengths vs Average read quality plots using 202000 reads.
2023-03-24 09:01:23,791 Saved ./all_retrived_human_sim_default_Raw_LengthvsQualityScatterPlot_dot  as png (or png for --legacy)
2023-03-24 09:01:26,620 Saved ./all_retrived_human_sim_default_Raw_LengthvsQualityScatterPlot_kde  as png (or png for --legacy)
2023-03-24 09:01:26,623 Created LengthvsQual plot
2023-03-24 09:01:26,624 Writing html report.
2023-03-24 09:01:26,641 Finished!
